<?xml version="1.0" encoding="UTF-8"?>
<!-- Generated by org.testng.reporters.JUnitXMLReporter -->
<testsuite hostname="DESKTOP-8CBT80G" ignored="0" name="Default test" tests="10" failures="0" timestamp="2021-11-19T15:57:18 IST" time="119.994" errors="0">
  <testcase name="addToWishlist" time="10.784" classname="com.mindtree.runner.BigsmallSiteRunner"/>
  <testcase name="addToCart" time="7.223" classname="com.mindtree.runner.BigsmallSiteRunner"/>
  <testcase name="checkPIN" time="11.033" classname="com.mindtree.runner.BigsmallSiteRunner"/>
  <testcase name="retrievePassword" time="9.815" classname="com.mindtree.runner.BigsmallSiteRunner"/>
  <testcase name="shopCheckout" time="9.668" classname="com.mindtree.runner.BigsmallSiteRunner"/>
  <testcase name="cartRemove" time="0.773" classname="com.mindtree.runner.BigsmallSiteRunner"/>
  <testcase name="wishListRemove" time="5.015" classname="com.mindtree.runner.BigsmallSiteRunner"/>
  <testcase name="ContactUs" time="4.543" classname="com.mindtree.runner.BigsmallSiteRunner"/>
  <testcase name="validLogin" time="2.705" classname="com.mindtree.runner.BigsmallSiteRunner"/>
  <testcase name="AboutUs" time="41.911" classname="com.mindtree.runner.BigsmallSiteRunner"/>
</testsuite> <!-- Default test -->
