<?xml version="1.0" encoding="UTF-8"?>
<!-- Generated by org.testng.reporters.JUnitXMLReporter -->
<testsuite hostname="DESKTOP-8CBT80G" ignored="0" name="Test" tests="10" failures="0" timestamp="2021-11-19T10:21:56 IST" time="130.299" errors="0">
  <testcase name="addToWishlist" time="12.516" classname="com.mindtree.runner.BigsmallSiteRunner"/>
  <testcase name="addToCart" time="8.983" classname="com.mindtree.runner.BigsmallSiteRunner"/>
  <testcase name="checkPIN" time="11.655" classname="com.mindtree.runner.BigsmallSiteRunner"/>
  <testcase name="retrievePassword" time="11.062" classname="com.mindtree.runner.BigsmallSiteRunner"/>
  <testcase name="shopCheckout" time="11.453" classname="com.mindtree.runner.BigsmallSiteRunner"/>
  <testcase name="cartRemove" time="0.663" classname="com.mindtree.runner.BigsmallSiteRunner"/>
  <testcase name="wishListRemove" time="4.697" classname="com.mindtree.runner.BigsmallSiteRunner"/>
  <testcase name="ContactUs" time="5.195" classname="com.mindtree.runner.BigsmallSiteRunner"/>
  <testcase name="validLogin" time="2.18" classname="com.mindtree.runner.BigsmallSiteRunner"/>
  <testcase name="AboutUs" time="45.02" classname="com.mindtree.runner.BigsmallSiteRunner"/>
</testsuite> <!-- Test -->
